This file contains any messages produced by compilers while
running configure, to aid debugging if configure makes a mistake.

It was created by real configure 0.0.31, which was
generated by GNU Autoconf 2.61.  Invocation command line was

  $ ./configure --no-create --no-recursion

## --------- ##
## Platform. ##
## --------- ##

hostname = solonas13-DQ35JO
uname -m = x86_64
uname -r = 3.8.0-30-generic
uname -s = Linux
uname -v = #44~precise1-Ubuntu SMP Fri Aug 23 18:32:41 UTC 2013

/usr/bin/uname -p = unknown
/bin/uname -X     = unknown

/bin/arch              = unknown
/usr/bin/arch -k       = unknown
/usr/convex/getsysinfo = unknown
/usr/bin/hostinfo      = unknown
/bin/machine           = unknown
/usr/bin/oslevel       = unknown
/bin/universe          = unknown

PATH: /usr/lib/lightdm/lightdm
PATH: /usr/local/sbin
PATH: /usr/local/bin
PATH: /usr/sbin
PATH: /usr/bin
PATH: /sbin
PATH: /bin
PATH: /usr/games


## ----------- ##
## Core tests. ##
## ----------- ##

configure:1802: checking build system type
configure:1820: result: x86_64-unknown-linux-gnu
configure:1842: checking host system type
configure:1857: result: x86_64-unknown-linux-gnu
configure:1879: checking target system type
configure:1894: result: x86_64-unknown-linux-gnu
configure:1939: checking for a BSD-compatible install
configure:1995: result: /usr/bin/install -c
configure:2006: checking whether build environment is sane
configure:2049: result: yes
configure:2114: checking for gawk
configure:2144: result: no
configure:2114: checking for mawk
configure:2130: found /usr/bin/mawk
configure:2141: result: mawk
configure:2152: checking whether make sets $(MAKE)
configure:2173: result: yes
configure:2401: checking for ranlib
configure:2417: found /usr/bin/ranlib
configure:2428: result: ranlib
configure:2505: checking for gcc
configure:2521: found /usr/bin/gcc
configure:2532: result: gcc
configure:2770: checking for C compiler version
configure:2777: gcc --version >&5
gcc (Ubuntu/Linaro 4.6.3-1ubuntu5) 4.6.3
Copyright (C) 2011 Free Software Foundation, Inc.
This is free software; see the source for copying conditions.  There is NO
warranty; not even for MERCHANTABILITY or FITNESS FOR A PARTICULAR PURPOSE.

configure:2780: $? = 0
configure:2787: gcc -v >&5
Using built-in specs.
COLLECT_GCC=gcc
COLLECT_LTO_WRAPPER=/usr/lib/gcc/x86_64-linux-gnu/4.6/lto-wrapper
Target: x86_64-linux-gnu
Configured with: ../src/configure -v --with-pkgversion='Ubuntu/Linaro 4.6.3-1ubuntu5' --with-bugurl=file:///usr/share/doc/gcc-4.6/README.Bugs --enable-languages=c,c++,fortran,objc,obj-c++ --prefix=/usr --program-suffix=-4.6 --enable-shared --enable-linker-build-id --with-system-zlib --libexecdir=/usr/lib --without-included-gettext --enable-threads=posix --with-gxx-include-dir=/usr/include/c++/4.6 --libdir=/usr/lib --enable-nls --with-sysroot=/ --enable-clocale=gnu --enable-libstdcxx-debug --enable-libstdcxx-time=yes --enable-gnu-unique-object --enable-plugin --enable-objc-gc --disable-werror --with-arch-32=i686 --with-tune=generic --enable-checking=release --build=x86_64-linux-gnu --host=x86_64-linux-gnu --target=x86_64-linux-gnu
Thread model: posix
gcc version 4.6.3 (Ubuntu/Linaro 4.6.3-1ubuntu5) 
configure:2790: $? = 0
configure:2797: gcc -V >&5
gcc: error: unrecognized option '-V'
gcc: fatal error: no input files
compilation terminated.
configure:2800: $? = 4
configure:2823: checking for C compiler default output file name
configure:2850: gcc    conftest.c  >&5
configure:2853: $? = 0
configure:2891: result: a.out
configure:2908: checking whether the C compiler works
configure:2918: ./a.out
configure:2921: $? = 0
configure:2938: result: yes
configure:2945: checking whether we are cross compiling
configure:2947: result: no
configure:2950: checking for suffix of executables
configure:2957: gcc -o conftest    conftest.c  >&5
configure:2960: $? = 0
configure:2984: result: 
configure:2990: checking for suffix of object files
configure:3016: gcc -c   conftest.c >&5
configure:3019: $? = 0
configure:3042: result: o
configure:3046: checking whether we are using the GNU C compiler
configure:3075: gcc -c   conftest.c >&5
configure:3081: $? = 0
configure:3098: result: yes
configure:3103: checking whether gcc accepts -g
configure:3133: gcc -c -g  conftest.c >&5
configure:3139: $? = 0
configure:3238: result: yes
configure:3255: checking for gcc option to accept ISO C89
configure:3329: gcc  -c   conftest.c >&5
configure:3335: $? = 0
configure:3358: result: none needed
configure:3387: checking for style of include used by make
configure:3415: result: GNU
configure:3443: checking dependency style of gcc
configure:3533: result: gcc3
configure:3612: checking for g++
configure:3628: found /usr/bin/g++
configure:3639: result: g++
configure:3670: checking for C++ compiler version
configure:3677: g++ --version >&5
g++ (Ubuntu/Linaro 4.6.3-1ubuntu5) 4.6.3
Copyright (C) 2011 Free Software Foundation, Inc.
This is free software; see the source for copying conditions.  There is NO
warranty; not even for MERCHANTABILITY or FITNESS FOR A PARTICULAR PURPOSE.

configure:3680: $? = 0
configure:3687: g++ -v >&5
Using built-in specs.
COLLECT_GCC=g++
COLLECT_LTO_WRAPPER=/usr/lib/gcc/x86_64-linux-gnu/4.6/lto-wrapper
Target: x86_64-linux-gnu
Configured with: ../src/configure -v --with-pkgversion='Ubuntu/Linaro 4.6.3-1ubuntu5' --with-bugurl=file:///usr/share/doc/gcc-4.6/README.Bugs --enable-languages=c,c++,fortran,objc,obj-c++ --prefix=/usr --program-suffix=-4.6 --enable-shared --enable-linker-build-id --with-system-zlib --libexecdir=/usr/lib --without-included-gettext --enable-threads=posix --with-gxx-include-dir=/usr/include/c++/4.6 --libdir=/usr/lib --enable-nls --with-sysroot=/ --enable-clocale=gnu --enable-libstdcxx-debug --enable-libstdcxx-time=yes --enable-gnu-unique-object --enable-plugin --enable-objc-gc --disable-werror --with-arch-32=i686 --with-tune=generic --enable-checking=release --build=x86_64-linux-gnu --host=x86_64-linux-gnu --target=x86_64-linux-gnu
Thread model: posix
gcc version 4.6.3 (Ubuntu/Linaro 4.6.3-1ubuntu5) 
configure:3690: $? = 0
configure:3697: g++ -V >&5
g++: error: unrecognized option '-V'
g++: fatal error: no input files
compilation terminated.
configure:3700: $? = 4
configure:3703: checking whether we are using the GNU C++ compiler
configure:3732: g++ -c   conftest.cpp >&5
configure:3738: $? = 0
configure:3755: result: yes
configure:3760: checking whether g++ accepts -g
configure:3790: g++ -c -g  conftest.cpp >&5
configure:3796: $? = 0
configure:3895: result: yes
configure:3920: checking dependency style of g++
configure:4010: result: gcc3
configure:4041: checking how to run the C++ preprocessor
configure:4077: g++ -E  conftest.cpp
configure:4083: $? = 0
configure:4114: g++ -E  conftest.cpp
conftest.cpp:10:28: fatal error: ac_nonexistent.h: No such file or directory
compilation terminated.
configure:4120: $? = 1
configure: failed program was:
| /* confdefs.h.  */
| #define PACKAGE_NAME "real"
| #define PACKAGE_TARNAME "real"
| #define PACKAGE_VERSION "0.0.31"
| #define PACKAGE_STRING "real 0.0.31"
| #define PACKAGE_BUGREPORT "gt1@sanger.ac.uk"
| #define PACKAGE "real"
| #define VERSION "0.0.31"
| /* end confdefs.h.  */
| #include <ac_nonexistent.h>
configure:4153: result: g++ -E
configure:4182: g++ -E  conftest.cpp
configure:4188: $? = 0
configure:4219: g++ -E  conftest.cpp
conftest.cpp:10:28: fatal error: ac_nonexistent.h: No such file or directory
compilation terminated.
configure:4225: $? = 1
configure: failed program was:
| /* confdefs.h.  */
| #define PACKAGE_NAME "real"
| #define PACKAGE_TARNAME "real"
| #define PACKAGE_VERSION "0.0.31"
| #define PACKAGE_STRING "real 0.0.31"
| #define PACKAGE_BUGREPORT "gt1@sanger.ac.uk"
| #define PACKAGE "real"
| #define VERSION "0.0.31"
| /* end confdefs.h.  */
| #include <ac_nonexistent.h>
configure:4263: checking for grep that handles long lines and -e
configure:4337: result: /bin/grep
configure:4342: checking for egrep
configure:4420: result: /bin/grep -E
configure:4425: checking for ANSI C header files
configure:4455: g++ -c   conftest.cpp >&5
configure:4461: $? = 0
configure:4560: g++ -o conftest    conftest.cpp  >&5
configure:4563: $? = 0
configure:4569: ./conftest
configure:4572: $? = 0
configure:4589: result: yes
configure:4643: checking whether the we should enable static linking
configure:4645: result: no
configure:4674: checking for OpenMP flag of C++ compiler
configure:4720: g++ -o conftest  -fopenmp  -W -Wall  conftest.cpp  >&5
configure:4726: $? = 0
configure:4746: result: -fopenmp
configure:4806: checking whether the C++ compiler supports the -msse4 flag
configure:4829: g++ -c -msse4  -W -Wall conftest.cpp >&5
configure:4835: $? = 0
configure:4849: result: yes
configure:4873: checking whether the C++ compiler supports the -ffloat-store flag
configure:4896: g++ -c -ffloat-store  -W -Wall conftest.cpp >&5
conftest.cpp: In function 'int main()':
conftest.cpp:15:8: warning: unused variable 'c' [-Wunused-variable]
configure:4902: $? = 0
configure:4916: result: yes
configure:4938: checking whether the C++ compiler supports the -pthread flag
configure:4965: g++ -c -pthread  -W -Wall conftest.cpp >&5
configure:4971: $? = 0
configure:4985: result: yes
configure:5005: checking for sem_post
configure:5061: g++ -o conftest  -O3 -msse4 -pthread  -W -Wall  conftest.cpp  >&5
configure:5067: $? = 0
configure:5084: result: yes
configure:5105: checking for sem_wait
configure:5161: g++ -o conftest  -O3 -msse4 -pthread  -W -Wall  conftest.cpp  >&5
configure:5167: $? = 0
configure:5184: result: yes
configure:5205: checking for sem_init
configure:5261: g++ -o conftest  -O3 -msse4 -pthread  -W -Wall  conftest.cpp  >&5
configure:5267: $? = 0
configure:5284: result: yes
configure:5305: checking for sem_destroy
configure:5361: g++ -o conftest  -O3 -msse4 -pthread  -W -Wall  conftest.cpp  >&5
configure:5367: $? = 0
configure:5384: result: yes
configure:5476: checking for sys/types.h
configure:5497: gcc -c  -O3 -msse4 -pthread -fopenmp  -W -Wall conftest.c >&5
configure:5503: $? = 0
configure:5519: result: yes
configure:5476: checking for sys/stat.h
configure:5497: gcc -c  -O3 -msse4 -pthread -fopenmp  -W -Wall conftest.c >&5
configure:5503: $? = 0
configure:5519: result: yes
configure:5476: checking for stdlib.h
configure:5497: gcc -c  -O3 -msse4 -pthread -fopenmp  -W -Wall conftest.c >&5
configure:5503: $? = 0
configure:5519: result: yes
configure:5476: checking for string.h
configure:5497: gcc -c  -O3 -msse4 -pthread -fopenmp  -W -Wall conftest.c >&5
configure:5503: $? = 0
configure:5519: result: yes
configure:5476: checking for memory.h
configure:5497: gcc -c  -O3 -msse4 -pthread -fopenmp  -W -Wall conftest.c >&5
configure:5503: $? = 0
configure:5519: result: yes
configure:5476: checking for strings.h
configure:5497: gcc -c  -O3 -msse4 -pthread -fopenmp  -W -Wall conftest.c >&5
configure:5503: $? = 0
configure:5519: result: yes
configure:5476: checking for inttypes.h
configure:5497: gcc -c  -O3 -msse4 -pthread -fopenmp  -W -Wall conftest.c >&5
configure:5503: $? = 0
configure:5519: result: yes
configure:5476: checking for stdint.h
configure:5497: gcc -c  -O3 -msse4 -pthread -fopenmp  -W -Wall conftest.c >&5
configure:5503: $? = 0
configure:5519: result: yes
configure:5476: checking for unistd.h
configure:5497: gcc -c  -O3 -msse4 -pthread -fopenmp  -W -Wall conftest.c >&5
configure:5503: $? = 0
configure:5519: result: yes
configure:5536: checking how to run the C preprocessor
configure:5576: gcc -E  -W -Wall conftest.c
configure:5582: $? = 0
configure:5613: gcc -E  -W -Wall conftest.c
conftest.c:25:28: fatal error: ac_nonexistent.h: No such file or directory
compilation terminated.
configure:5619: $? = 1
configure: failed program was:
| /* confdefs.h.  */
| #define PACKAGE_NAME "real"
| #define PACKAGE_TARNAME "real"
| #define PACKAGE_VERSION "0.0.31"
| #define PACKAGE_STRING "real 0.0.31"
| #define PACKAGE_BUGREPORT "gt1@sanger.ac.uk"
| #define PACKAGE "real"
| #define VERSION "0.0.31"
| #define STDC_HEADERS 1
| #define HAVE_SEM_POST 1
| #define HAVE_SEM_WAIT 1
| #define HAVE_SEM_INIT 1
| #define HAVE_SEM_DESTROY 1
| #define HAVE_PTHREADS 1
| #define HAVE_SYS_TYPES_H 1
| #define HAVE_SYS_STAT_H 1
| #define HAVE_STDLIB_H 1
| #define HAVE_STRING_H 1
| #define HAVE_MEMORY_H 1
| #define HAVE_STRINGS_H 1
| #define HAVE_INTTYPES_H 1
| #define HAVE_STDINT_H 1
| #define HAVE_UNISTD_H 1
| /* end confdefs.h.  */
| #include <ac_nonexistent.h>
configure:5652: result: gcc -E
configure:5681: gcc -E  -W -Wall conftest.c
configure:5687: $? = 0
configure:5718: gcc -E  -W -Wall conftest.c
conftest.c:25:28: fatal error: ac_nonexistent.h: No such file or directory
compilation terminated.
configure:5724: $? = 1
configure: failed program was:
| /* confdefs.h.  */
| #define PACKAGE_NAME "real"
| #define PACKAGE_TARNAME "real"
| #define PACKAGE_VERSION "0.0.31"
| #define PACKAGE_STRING "real 0.0.31"
| #define PACKAGE_BUGREPORT "gt1@sanger.ac.uk"
| #define PACKAGE "real"
| #define VERSION "0.0.31"
| #define STDC_HEADERS 1
| #define HAVE_SEM_POST 1
| #define HAVE_SEM_WAIT 1
| #define HAVE_SEM_INIT 1
| #define HAVE_SEM_DESTROY 1
| #define HAVE_PTHREADS 1
| #define HAVE_SYS_TYPES_H 1
| #define HAVE_SYS_STAT_H 1
| #define HAVE_STDLIB_H 1
| #define HAVE_STRING_H 1
| #define HAVE_MEMORY_H 1
| #define HAVE_STRINGS_H 1
| #define HAVE_INTTYPES_H 1
| #define HAVE_STDINT_H 1
| #define HAVE_UNISTD_H 1
| /* end confdefs.h.  */
| #include <ac_nonexistent.h>
configure:5763: checking for unistd.h
configure:5768: result: yes
configure:5909: checking sys/sysctl.h usability
configure:5926: gcc -c  -O3 -msse4 -pthread -fopenmp  -W -Wall conftest.c >&5
configure:5932: $? = 0
configure:5946: result: yes
configure:5950: checking sys/sysctl.h presence
configure:5965: gcc -E  -W -Wall conftest.c
configure:5971: $? = 0
configure:5985: result: yes
configure:6018: checking for sys/sysctl.h
configure:6025: result: yes
configure:6037: checking for sys/types.h
configure:6042: result: yes
configure:6183: checking linux/sysctl.h usability
configure:6200: gcc -c  -O3 -msse4 -pthread -fopenmp  -W -Wall conftest.c >&5
configure:6206: $? = 0
configure:6220: result: yes
configure:6224: checking linux/sysctl.h presence
configure:6239: gcc -E  -W -Wall conftest.c
configure:6245: $? = 0
configure:6259: result: yes
configure:6292: checking for linux/sysctl.h
configure:6299: result: yes
configure:6320: checking windows.h usability
configure:6337: gcc -c  -O3 -msse4 -pthread -fopenmp  -W -Wall conftest.c >&5
conftest.c:58:21: fatal error: windows.h: No such file or directory
compilation terminated.
configure:6343: $? = 1
configure: failed program was:
| /* confdefs.h.  */
| #define PACKAGE_NAME "real"
| #define PACKAGE_TARNAME "real"
| #define PACKAGE_VERSION "0.0.31"
| #define PACKAGE_STRING "real 0.0.31"
| #define PACKAGE_BUGREPORT "gt1@sanger.ac.uk"
| #define PACKAGE "real"
| #define VERSION "0.0.31"
| #define STDC_HEADERS 1
| #define HAVE_SEM_POST 1
| #define HAVE_SEM_WAIT 1
| #define HAVE_SEM_INIT 1
| #define HAVE_SEM_DESTROY 1
| #define HAVE_PTHREADS 1
| #define HAVE_SYS_TYPES_H 1
| #define HAVE_SYS_STAT_H 1
| #define HAVE_STDLIB_H 1
| #define HAVE_STRING_H 1
| #define HAVE_MEMORY_H 1
| #define HAVE_STRINGS_H 1
| #define HAVE_INTTYPES_H 1
| #define HAVE_STDINT_H 1
| #define HAVE_UNISTD_H 1
| /* end confdefs.h.  */
| #include <stdio.h>
| #ifdef HAVE_SYS_TYPES_H
| # include <sys/types.h>
| #endif
| #ifdef HAVE_SYS_STAT_H
| # include <sys/stat.h>
| #endif
| #ifdef STDC_HEADERS
| # include <stdlib.h>
| # include <stddef.h>
| #else
| # ifdef HAVE_STDLIB_H
| #  include <stdlib.h>
| # endif
| #endif
| #ifdef HAVE_STRING_H
| # if !defined STDC_HEADERS && defined HAVE_MEMORY_H
| #  include <memory.h>
| # endif
| # include <string.h>
| #endif
| #ifdef HAVE_STRINGS_H
| # include <strings.h>
| #endif
| #ifdef HAVE_INTTYPES_H
| # include <inttypes.h>
| #endif
| #ifdef HAVE_STDINT_H
| # include <stdint.h>
| #endif
| #ifdef HAVE_UNISTD_H
| # include <unistd.h>
| #endif
| #include <windows.h>
configure:6357: result: no
configure:6361: checking windows.h presence
configure:6376: gcc -E  -W -Wall conftest.c
conftest.c:25:21: fatal error: windows.h: No such file or directory
compilation terminated.
configure:6382: $? = 1
configure: failed program was:
| /* confdefs.h.  */
| #define PACKAGE_NAME "real"
| #define PACKAGE_TARNAME "real"
| #define PACKAGE_VERSION "0.0.31"
| #define PACKAGE_STRING "real 0.0.31"
| #define PACKAGE_BUGREPORT "gt1@sanger.ac.uk"
| #define PACKAGE "real"
| #define VERSION "0.0.31"
| #define STDC_HEADERS 1
| #define HAVE_SEM_POST 1
| #define HAVE_SEM_WAIT 1
| #define HAVE_SEM_INIT 1
| #define HAVE_SEM_DESTROY 1
| #define HAVE_PTHREADS 1
| #define HAVE_SYS_TYPES_H 1
| #define HAVE_SYS_STAT_H 1
| #define HAVE_STDLIB_H 1
| #define HAVE_STRING_H 1
| #define HAVE_MEMORY_H 1
| #define HAVE_STRINGS_H 1
| #define HAVE_INTTYPES_H 1
| #define HAVE_STDINT_H 1
| #define HAVE_UNISTD_H 1
| /* end confdefs.h.  */
| #include <windows.h>
configure:6396: result: no
configure:6429: checking for windows.h
configure:6436: result: no
configure:6457: checking dirent.h usability
configure:6474: gcc -c  -O3 -msse4 -pthread -fopenmp  -W -Wall conftest.c >&5
configure:6480: $? = 0
configure:6494: result: yes
configure:6498: checking dirent.h presence
configure:6513: gcc -E  -W -Wall conftest.c
configure:6519: $? = 0
configure:6533: result: yes
configure:6566: checking for dirent.h
configure:6573: result: yes
configure:6585: checking for sys/stat.h
configure:6590: result: yes
configure:6731: checking sys/time.h usability
configure:6748: gcc -c  -O3 -msse4 -pthread -fopenmp  -W -Wall conftest.c >&5
configure:6754: $? = 0
configure:6768: result: yes
configure:6772: checking sys/time.h presence
configure:6787: gcc -E  -W -Wall conftest.c
configure:6793: $? = 0
configure:6807: result: yes
configure:6840: checking for sys/time.h
configure:6847: result: yes
configure:6868: checking aio.h usability
configure:6885: gcc -c  -O3 -msse4 -pthread -fopenmp  -W -Wall conftest.c >&5
configure:6891: $? = 0
configure:6905: result: yes
configure:6909: checking aio.h presence
configure:6924: gcc -E  -W -Wall conftest.c
configure:6930: $? = 0
configure:6944: result: yes
configure:6977: checking for aio.h
configure:6984: result: yes
configure:7055: checking for aio_suspend in -lrt
configure:7090: gcc -o conftest  -O3 -msse4 -pthread -fopenmp  -W -Wall  conftest.c -lrt   >&5
configure:7096: $? = 0
configure:7114: result: yes
configure:7184: checking whether the we are using GCC version >= 4.4
configure:7212: g++ -c  -O3 -msse4 -pthread -fopenmp  -W -Wall conftest.cpp >&5
configure:7218: $? = 0
configure:7232: result: yes
configure:7402: creating ./config.status

## ---------------- ##
## Cache variables. ##
## ---------------- ##

ac_cv_build=x86_64-unknown-linux-gnu
ac_cv_c_compiler_gnu=yes
ac_cv_cxx_compiler_gnu=yes
ac_cv_env_CCC_set=
ac_cv_env_CCC_value=
ac_cv_env_CC_set=
ac_cv_env_CC_value=
ac_cv_env_CFLAGS_set=
ac_cv_env_CFLAGS_value=
ac_cv_env_CPPFLAGS_set=
ac_cv_env_CPPFLAGS_value=
ac_cv_env_CPP_set=
ac_cv_env_CPP_value=
ac_cv_env_CXXCPP_set=
ac_cv_env_CXXCPP_value=
ac_cv_env_CXXFLAGS_set=
ac_cv_env_CXXFLAGS_value=
ac_cv_env_CXX_set=
ac_cv_env_CXX_value=
ac_cv_env_LDFLAGS_set=
ac_cv_env_LDFLAGS_value=
ac_cv_env_LIBS_set=
ac_cv_env_LIBS_value=
ac_cv_env_build_alias_set=
ac_cv_env_build_alias_value=
ac_cv_env_host_alias_set=
ac_cv_env_host_alias_value=
ac_cv_env_target_alias_set=
ac_cv_env_target_alias_value=
ac_cv_func_sem_destroy=yes
ac_cv_func_sem_init=yes
ac_cv_func_sem_post=yes
ac_cv_func_sem_wait=yes
ac_cv_header_aio_h=yes
ac_cv_header_dirent_h=yes
ac_cv_header_inttypes_h=yes
ac_cv_header_linux_sysctl_h=yes
ac_cv_header_memory_h=yes
ac_cv_header_stdc=yes
ac_cv_header_stdint_h=yes
ac_cv_header_stdlib_h=yes
ac_cv_header_string_h=yes
ac_cv_header_strings_h=yes
ac_cv_header_sys_stat_h=yes
ac_cv_header_sys_sysctl_h=yes
ac_cv_header_sys_time_h=yes
ac_cv_header_sys_types_h=yes
ac_cv_header_unistd_h=yes
ac_cv_header_windows_h=no
ac_cv_host=x86_64-unknown-linux-gnu
ac_cv_lib_rt_aio_suspend=yes
ac_cv_objext=o
ac_cv_path_EGREP='/bin/grep -E'
ac_cv_path_GREP=/bin/grep
ac_cv_path_install='/usr/bin/install -c'
ac_cv_prog_AWK=mawk
ac_cv_prog_CPP='gcc -E'
ac_cv_prog_CXXCPP='g++ -E'
ac_cv_prog_ac_ct_CC=gcc
ac_cv_prog_ac_ct_CXX=g++
ac_cv_prog_ac_ct_RANLIB=ranlib
ac_cv_prog_cc_c89=
ac_cv_prog_cc_g=yes
ac_cv_prog_cxx_g=yes
ac_cv_prog_make_make_set=yes
ac_cv_target=x86_64-unknown-linux-gnu
am_cv_CC_dependencies_compiler_type=gcc3
am_cv_CXX_dependencies_compiler_type=gcc3
ax_cv_cxx_openmp=-fopenmp

## ----------------- ##
## Output variables. ##
## ----------------- ##

ACLOCAL='${SHELL} /home/solonas13/REAL/missing --run aclocal-1.9'
AMDEPBACKSLASH='\'
AMDEP_FALSE='#'
AMDEP_TRUE=''
AMTAR='${SHELL} /home/solonas13/REAL/missing --run tar'
AUTOCONF='${SHELL} /home/solonas13/REAL/missing --run autoconf'
AUTOHEADER='${SHELL} /home/solonas13/REAL/missing --run autoheader'
AUTOMAKE='${SHELL} /home/solonas13/REAL/missing --run automake-1.9'
AWK='mawk'
CC='gcc'
CCDEPMODE='depmode=gcc3'
CFLAGS=' -O3 -msse4 -pthread -fopenmp'
CPP='gcc -E'
CPPFLAGS=' -W -Wall'
CXX='g++'
CXXCPP='g++ -E'
CXXDEPMODE='depmode=gcc3'
CXXFLAGS=' -O3 -msse4 -pthread -fopenmp'
CYGPATH_W='echo'
DEFS='-DHAVE_CONFIG_H'
DEPDIR='.deps'
ECHO_C=''
ECHO_N='-n'
ECHO_T=''
EGREP='/bin/grep -E'
EXEEXT=''
FFLOATSTORE='-ffloat-store'
GREP='/bin/grep'
HAVEI386=''
HAVEX8664=''
INSTALL_DATA='${INSTALL} -m 644'
INSTALL_PROGRAM='${INSTALL}'
INSTALL_SCRIPT='${INSTALL}'
INSTALL_STRIP_PROGRAM='${SHELL} $(install_sh) -c -s'
LDFLAGS=''
LIBOBJS=''
LIBS=' -lrt'
LTLIBOBJS=''
MAKEINFO='${SHELL} /home/solonas13/REAL/missing --run makeinfo'
OBJEXT='o'
PACKAGE='real'
PACKAGE_BUGREPORT='gt1@sanger.ac.uk'
PACKAGE_NAME='real'
PACKAGE_STRING='real 0.0.31'
PACKAGE_TARNAME='real'
PACKAGE_VERSION='0.0.31'
PATH_SEPARATOR=':'
RANLIB='ranlib'
SET_MAKE=''
SHELL='/bin/bash'
STRIP=''
VERSION='0.0.31'
ac_ct_CC='gcc'
ac_ct_CXX='g++'
am__fastdepCC_FALSE='#'
am__fastdepCC_TRUE=''
am__fastdepCXX_FALSE='#'
am__fastdepCXX_TRUE=''
am__include='include'
am__leading_dot='.'
am__quote=''
am__tar='${AMTAR} chof - "$$tardir"'
am__untar='${AMTAR} xf -'
bindir='${exec_prefix}/bin'
build='x86_64-unknown-linux-gnu'
build_alias=''
build_cpu='x86_64'
build_os='linux-gnu'
build_vendor='unknown'
datadir='${datarootdir}'
datarootdir='${prefix}/share'
docdir='${datarootdir}/doc/${PACKAGE_TARNAME}'
dvidir='${docdir}'
exec_prefix='${prefix}'
host='x86_64-unknown-linux-gnu'
host_alias=''
host_cpu='x86_64'
host_os='linux-gnu'
host_vendor='unknown'
htmldir='${docdir}'
includedir='${prefix}/include'
infodir='${datarootdir}/info'
install_sh='/home/solonas13/REAL/install-sh'
libdir='${exec_prefix}/lib'
libexecdir='${exec_prefix}/libexec'
localedir='${datarootdir}/locale'
localstatedir='${prefix}/var'
mandir='${datarootdir}/man'
mkdir_p='mkdir -p --'
oldincludedir='/usr/include'
pdfdir='${docdir}'
prefix='/usr/local'
program_transform_name='s,x,x,'
psdir='${docdir}'
sbindir='${exec_prefix}/sbin'
sharedstatedir='${prefix}/com'
sysconfdir='${prefix}/etc'
target='x86_64-unknown-linux-gnu'
target_alias=''
target_cpu='x86_64'
target_os='linux-gnu'
target_vendor='unknown'

## ----------- ##
## confdefs.h. ##
## ----------- ##

#define PACKAGE_NAME "real"
#define PACKAGE_TARNAME "real"
#define PACKAGE_VERSION "0.0.31"
#define PACKAGE_STRING "real 0.0.31"
#define PACKAGE_BUGREPORT "gt1@sanger.ac.uk"
#define PACKAGE "real"
#define VERSION "0.0.31"
#define STDC_HEADERS 1
#define HAVE_SEM_POST 1
#define HAVE_SEM_WAIT 1
#define HAVE_SEM_INIT 1
#define HAVE_SEM_DESTROY 1
#define HAVE_PTHREADS 1
#define HAVE_SYS_TYPES_H 1
#define HAVE_SYS_STAT_H 1
#define HAVE_STDLIB_H 1
#define HAVE_STRING_H 1
#define HAVE_MEMORY_H 1
#define HAVE_STRINGS_H 1
#define HAVE_INTTYPES_H 1
#define HAVE_STDINT_H 1
#define HAVE_UNISTD_H 1
#define HAVE_UNISTD_H 1
#define HAVE_SYS_SYSCTL_H 1
#define HAVE_LINUX_SYSCTL_H 1
#define HAVE_SYS_TYPES_H 1
#define HAVE_DIRENT_H 1
#define HAVE_SYS_STAT_H 1
#define HAVE_SYS_TIME_H 1
#define HAVE_AIO_H 1
#define SLOW_UNIQUE_FASTA_READER_TYPE FastAReader
#define SLOW_UNIQUE_FASTQ_READER_TYPE FastQReader
#define FAST_UNIQUE_FASTA_READER_TYPE FastFileDecoder
#define FAST_UNIQUE_FASTQ_READER_TYPE FastQualityFileDecoder
#define SLOW_ALL_FASTA_READER_TYPE FastAReader
#define SLOW_ALL_FASTQ_READER_TYPE FastQReader
#define _FILE_OFFSET_BITS 64
#define EPSILON 1e-6
#define MATCHING_SINGLE_INSTANTIATION 1
#define HAVE_i386 1
#define HAVE_x86_64 1

configure: exit 0

## ---------------------- ##
## Running config.status. ##
## ---------------------- ##

This file was extended by real config.status 0.0.31, which was
generated by GNU Autoconf 2.61.  Invocation command line was

  CONFIG_FILES    = 
  CONFIG_HEADERS  = 
  CONFIG_LINKS    = 
  CONFIG_COMMANDS = 
  $ ./config.status 

on solonas13-DQ35JO

config.status:662: creating Makefile
config.status:662: creating src/Makefile
config.status:662: creating real.spec
config.status:662: creating ubuntu.sh
config.status:662: creating real_config.hpp
config.status:905: real_config.hpp is unchanged
config.status:951: executing depfiles commands

## ---------------------- ##
## Running config.status. ##
## ---------------------- ##

This file was extended by real config.status 0.0.31, which was
generated by GNU Autoconf 2.61.  Invocation command line was

  CONFIG_FILES    = 
  CONFIG_HEADERS  = 
  CONFIG_LINKS    = 
  CONFIG_COMMANDS = 
  $ ./config.status real_config.hpp

on solonas13-DQ35JO

config.status:662: creating real_config.hpp
config.status:905: real_config.hpp is unchanged
